[2025-06-14 16:34:43] ERROR: uncaughtException: Invalid or unexpected token
/workspaces/Smart_Taxi_App/backend/controllers/taxiController.js:240
                    from: '// (No socket emissions needed here)
                          ^^^^^^^^^^^^^^^^^^^^^^^^^^^^^^^^^^^^^

SyntaxError: Invalid or unexpected token
    at wrapSafe (node:internal/modules/cjs/loader:1472:18)
    at Module._compile (node:internal/modules/cjs/loader:1501:20)
    at Module._extensions..js (node:internal/modules/cjs/loader:1613:10)
    at Module.load (node:internal/modules/cjs/loader:1275:32)
    at Module._load (node:internal/modules/cjs/loader:1096:12)
    at Module.require (node:internal/modules/cjs/loader:1298:19)
    at require (node:internal/modules/helpers:182:18)
    at Object.<anonymous> (/workspaces/Smart_Taxi_App/backend/routes/taxiRoutes.js:3:24)
    at Module._compile (node:internal/modules/cjs/loader:1529:14)
    at Module._extensions..js (node:internal/modules/cjs/loader:1613:10)
[2025-06-14 16:49:09] ERROR: uncaughtException: Sources is not defined
ReferenceError: Sources is not defined
    at Object.<anonymous> (/workspaces/Smart_Taxi_App/backend/controllers/taxiController.js:332:1)
    at Module._compile (node:internal/modules/cjs/loader:1529:14)
    at Module._extensions..js (node:internal/modules/cjs/loader:1613:10)
    at Module.load (node:internal/modules/cjs/loader:1275:32)
    at Module._load (node:internal/modules/cjs/loader:1096:12)
    at Module.require (node:internal/modules/cjs/loader:1298:19)
    at require (node:internal/modules/helpers:182:18)
    at Object.<anonymous> (/workspaces/Smart_Taxi_App/backend/routes/taxiRoutes.js:3:24)
    at Module._compile (node:internal/modules/cjs/loader:1529:14)
    at Module._extensions..js (node:internal/modules/cjs/loader:1613:10)
